0 info it worked if it ends with ok
1 verbose cli [ '/usr/local/bin/node', '/usr/local/bin/npm', 'start' ]
2 info using npm@3.8.6
3 info using node@v5.7.0
4 verbose run-script [ 'prestart', 'start', 'poststart' ]
5 info lifecycle trelloclone@1.0.0~prestart: trelloclone@1.0.0
6 silly lifecycle trelloclone@1.0.0~prestart: no script for prestart, continuing
7 info lifecycle trelloclone@1.0.0~start: trelloclone@1.0.0
8 verbose lifecycle trelloclone@1.0.0~start: unsafe-perm in lifecycle true
9 verbose lifecycle trelloclone@1.0.0~start: PATH: /usr/local/lib/node_modules/npm/bin/node-gyp-bin:/Users/pacloan/Desktop/javascript_apps/trelloclone/node_modules/.bin:/usr/local/bin:/Library/Frameworks/Python.framework/Versions/2.7/bin:/usr/local/php5/bin:/Users/pacloan/.gvm/vertx/current/bin:/Users/pacloan/.gvm/springboot/current/bin:/Users/pacloan/.gvm/lazybones/current/bin:/Users/pacloan/.gvm/jbake/current/bin:/Users/pacloan/.gvm/groovyserv/current/bin:/Users/pacloan/.gvm/groovy/current/bin:/Users/pacloan/.gvm/griffon/current/bin:/Users/pacloan/.gvm/grails/current/bin:/Users/pacloan/.gvm/gradle/current/bin:/Users/pacloan/.gvm/glide/current/bin:/Users/pacloan/.gvm/gaiden/current/bin:/Users/pacloan/.gvm/crash/current/bin:/Users/pacloan/.gvm/asciidoctorj/current/bin:/Users/pacloan/.rbenv/shims:/usr/local/opt/coreutils/libexec/gnubin:/usr/local/heroku/bin:/usr/local/bin:/usr/local/sbin:/usr/local/share/npm/bin:/Users/pacloan/.rbenv/bin:/usr/local/bin:/usr/bin:/bin:/usr/sbin:/sbin:/usr/local/git/bin
10 verbose lifecycle trelloclone@1.0.0~start: CWD: /Users/pacloan/Desktop/javascript_apps/trelloclone
11 silly lifecycle trelloclone@1.0.0~start: Args: [ '-c', 'webpack-dev-server' ]
12 silly lifecycle trelloclone@1.0.0~start: Returned: code: 1  signal: null
13 info lifecycle trelloclone@1.0.0~start: Failed to exec start script
14 verbose stack Error: trelloclone@1.0.0 start: `webpack-dev-server`
14 verbose stack Exit status 1
14 verbose stack     at EventEmitter.<anonymous> (/usr/local/lib/node_modules/npm/lib/utils/lifecycle.js:239:16)
14 verbose stack     at emitTwo (events.js:100:13)
14 verbose stack     at EventEmitter.emit (events.js:185:7)
14 verbose stack     at ChildProcess.<anonymous> (/usr/local/lib/node_modules/npm/lib/utils/spawn.js:24:14)
14 verbose stack     at emitTwo (events.js:100:13)
14 verbose stack     at ChildProcess.emit (events.js:185:7)
14 verbose stack     at maybeClose (internal/child_process.js:827:16)
14 verbose stack     at Process.ChildProcess._handle.onexit (internal/child_process.js:211:5)
15 verbose pkgid trelloclone@1.0.0
16 verbose cwd /Users/pacloan/Desktop/javascript_apps/trelloclone
17 error Darwin 14.5.0
18 error argv "/usr/local/bin/node" "/usr/local/bin/npm" "start"
19 error node v5.7.0
20 error npm  v3.8.6
21 error code ELIFECYCLE
22 error trelloclone@1.0.0 start: `webpack-dev-server`
22 error Exit status 1
23 error Failed at the trelloclone@1.0.0 start script 'webpack-dev-server'.
23 error Make sure you have the latest version of node.js and npm installed.
23 error If you do, this is most likely a problem with the trelloclone package,
23 error not with npm itself.
23 error Tell the author that this fails on your system:
23 error     webpack-dev-server
23 error You can get information on how to open an issue for this project with:
23 error     npm bugs trelloclone
23 error Or if that isn't available, you can get their info via:
23 error     npm owner ls trelloclone
23 error There is likely additional logging output above.
24 verbose exit [ 1, true ]
